<?xml version="1.0" encoding="UTF-8"?>
<!-- Generated by org.testng.reporters.JUnitReportReporter -->
<testsuite hostname="MacBook-Air-de-shebah.local" failures="0" tests="1" name="maven.fisrtgit.AppTest" time="2.357" errors="0" timestamp="29 May 2020 19:44:30 GMT">
  <testcase classname="maven.fisrtgit.AppTest" name="testApp" time="2.357"/>
</testsuite> <!-- maven.fisrtgit.AppTest -->
